<?xml version="1.0" encoding="UTF-8"?>
<testng-results skipped="0" failed="0" ignored="0" total="1" passed="1">
  <reporter-output>
  </reporter-output>
  <suite name="Default suite" duration-ms="301" started-at="2017-04-23T13:57:55Z" finished-at="2017-04-23T13:57:55Z">
    <groups>
    </groups>
    <test name="Default test" duration-ms="301" started-at="2017-04-23T13:57:55Z" finished-at="2017-04-23T13:57:55Z">
      <class name="at.ventocom.minishop.test.TestTaskProcessor">
        <test-method status="PASS" signature="testTaskProcessorTaskRunning()[pri:0, instance:at.ventocom.minishop.test.TestTaskProcessor@548b7f67]" name="testTaskProcessorTaskRunning" duration-ms="285" started-at="2017-04-23T15:57:55Z" finished-at="2017-04-23T15:57:55Z">
          <reporter-output>
          </reporter-output>
        </test-method> <!-- testTaskProcessorTaskRunning -->
      </class> <!-- at.ventocom.minishop.test.TestTaskProcessor -->
    </test> <!-- Default test -->
  </suite> <!-- Default suite -->
</testng-results>
